{
  "stats": {
    "suites": 1,
    "tests": 1,
    "passes": 0,
    "pending": 0,
    "failures": 1,
    "start": "2026-08-27T12:51:57.608Z",
    "end": "2026-08-27T12:52:19.576Z",
    "duration": 21968,
    "testsRegistered": 1,
    "passPercent": 0,
    "pendingPercent": 0,
    "other": 0,
    "hasOther": false,
    "skipped": 0,
    "hasSkipped": false
  },
  "results": [
    {
      "uuid": "ab59ec73-9c1f-4d84-a05c-a086f1cf6cc9",
      "title": "",
      "fullFile": "cypress/e2e/_tmp_probe_filter.cy.js",
      "file": "cypress/e2e/_tmp_probe_filter.cy.js",
      "beforeHooks": [],
      "afterHooks": [],
      "tests": [],
      "suites": [
        {
          "uuid": "9a28c239-470a-47ab-81e6-a4829446c368",
          "title": "probe filter behavior",
          "fullFile": "",
          "file": "",
          "beforeHooks": [],
          "afterHooks": [],
          "tests": [
            {
              "title": "dumps filter results for various terms",
              "fullTitle": "probe filter behavior dumps filter results for various terms",
              "timedOut": null,
              "duration": 21072,
              "state": "failed",
              "speed": null,
              "pass": false,
              "fail": true,
              "pending": false,
              "context": null,
              "code": "const loginPage = loginPage_default;\nconst base = Cypress.expose(\"baseUrl\");\ncy.viewport(1800, 1e3);\ncy.visit(base);\nloginPage.enterPrimaryPocketEmail();\nloginPage.enterPrimaryPocketPassword();\nloginPage.clickSignIn();\ntransactions_funding_primaryPage_default.clickTransactionMenu();\ncy.contains(\"button\", \"Funding\", { timeout: 2e4 }).click({ force: true });\ncy.contains('button[data-slot=\"trigger\"]', \"Filter\", { timeout: 2e4 }).click();\ncy.get(\"body\", { timeout: 1e4 }).should(\"contain\", \"Search Pocket ID\");\ncy.log(\"FILTER MODAL OPENED\");\ncy.get(\"input[placeholder='Search']\", { timeout: 1e4 }).then(($inputs) => {\n  cy.log(\"FILTER SEARCH INPUTS COUNT: \" + $inputs.length);\n});\nconst terms = [\"2093599119\", \"0780290893\", \"AKINTADE\", \"DAMILOLA\", \"DAMILOLA BLESSING\"];\nlet i = 0;\nconst probeTerm = () => {\n  if (i >= terms.length) return;\n  const term = terms[i];\n  i++;\n  cy.get(\"input[placeholder='Search']\", { timeout: 1e4 }).each(($inp) => {\n    cy.log(\"INPUT placeholder='\" + ($inp.attr(\"placeholder\") || \"\") + \"' type='\" + ($inp.attr(\"type\") || \"\") + \"'\");\n  });\n  cy.get(\"input[placeholder='Search']\").clear().type(term);\n  cy.contains(\"button\", \"Apply Filter\").click({ force: true });\n  cy.wait(3e3);\n  cy.get(\"body\").then(($body) => {\n    const txt = $body.text();\n    const showing = (txt.match(/Showing \\d+ of \\d+/) || [\"\"])[0];\n    const hasEmpty = txt.includes(\"Oops, we have nothing to show!\");\n    const tds = $body.find(\"table tbody tr td\").length;\n    cy.log(\"TERM[\" + term + \"] showing='\" + showing + \"' empty=\" + hasEmpty + \" tds=\" + tds + \" rows=\" + tds / 6);\n    cy.log(\"TERM[\" + term + \"] firstRow=\" + ($body.find(\"table tbody tr\").first().text().trim().slice(0, 180) || \"NONE\"));\n    if (tds >= 6) {\n      $body.find(\"table tbody tr\").first().find(\"td\").each((_idx, td) => {\n        cy.log(\"   td: \" + Cypress.$(td).text().trim().slice(0, 80));\n      });\n    }\n  });\n  cy.contains('button[data-slot=\"trigger\"]', \"Filter\", { timeout: 1e4 }).click();\n  cy.contains(\"button\", \"Reset\").click({ force: true });\n  cy.wait(1500);\n  probeTerm();\n};\nprobeTerm();",
              "err": {
                "message": "AssertionError: Timed out retrying after 10000ms: Expected to find element: `input[placeholder='Search']`, but never found it.",
                "estack": "AssertionError: Timed out retrying after 10000ms: Expected to find element: `input[placeholder='Search']`, but never found it.\n    at probeTerm (https://develop.d1vg8wvg97d1gx.amplifyapp.com/__cypress/tests?p=cypress/e2e/_tmp_probe_filter.cy.js:530:16)\n    at probeTerm (https://develop.d1vg8wvg97d1gx.amplifyapp.com/__cypress/tests?p=cypress/e2e/_tmp_probe_filter.cy.js:552:13)\n    at Context.eval (https://develop.d1vg8wvg97d1gx.amplifyapp.com/__cypress/tests?p=cypress/e2e/_tmp_probe_filter.cy.js:554:11)",
                "diff": null
              },
              "uuid": "1a06d838-6712-4c5c-95ba-54ff49f37764",
              "parentUUID": "9a28c239-470a-47ab-81e6-a4829446c368",
              "isHook": false,
              "skipped": false
            }
          ],
          "suites": [],
          "passes": [],
          "failures": [
            "1a06d838-6712-4c5c-95ba-54ff49f37764"
          ],
          "pending": [],
          "skipped": [],
          "duration": 21072,
          "root": false,
          "rootEmpty": false,
          "_timeout": 2000
        }
      ],
      "passes": [],
      "failures": [],
      "pending": [],
      "skipped": [],
      "duration": 0,
      "root": true,
      "rootEmpty": true,
      "_timeout": 2000
    }
  ],
  "meta": {
    "mocha": {
      "version": "7.2.0"
    },
    "mochawesome": {
      "options": {
        "quiet": false,
        "reportFilename": "mochawesome",
        "saveHtml": false,
        "saveJson": true,
        "consoleReporter": "spec",
        "useInlineDiffs": false,
        "code": true
      },
      "version": "8.0.1"
    },
    "marge": {
      "options": {
        "reportDir": "cypress/reports",
        "overwrite": false,
        "html": false,
        "json": true,
        "embeddedScreenshots": true
      },
      "version": "6.3.2"
    }
  }
}