{
  "stats": {
    "suites": 1,
    "tests": 1,
    "passes": 0,
    "pending": 16,
    "failures": -15,
    "start": "2026-08-31T12:19:20.497Z",
    "end": "2026-08-31T12:19:29.804Z",
    "duration": 9307,
    "testsRegistered": 17,
    "passPercent": 0,
    "pendingPercent": 94.11764705882352,
    "other": 16,
    "hasOther": true,
    "skipped": 0,
    "hasSkipped": false
  },
  "results": [
    {
      "uuid": "8ccc1924-4f8a-45c9-a253-c114272763c7",
      "title": "",
      "fullFile": "cypress/e2e/transactions-disbursement-primary/transactions-disbursement-primary.feature",
      "file": "cypress/e2e/transactions-disbursement-primary/transactions-disbursement-primary.feature",
      "beforeHooks": [],
      "afterHooks": [],
      "tests": [],
      "suites": [
        {
          "uuid": "ddc5b317-5864-408b-87ec-bd17b3d558a8",
          "title": "Primary Pocket Disbursement Transactions",
          "fullFile": "",
          "file": "",
          "beforeHooks": [],
          "afterHooks": [],
          "tests": [
            {
              "title": "Validate Disbursement Transactions page",
              "fullTitle": "Primary Pocket Disbursement Transactions Validate Disbursement Transactions page",
              "timedOut": null,
              "duration": 0,
              "state": "pending",
              "speed": null,
              "pass": false,
              "fail": false,
              "pending": true,
              "context": null,
              "code": "",
              "err": {},
              "uuid": "415a7ddd-6113-4155-ade5-11f7c3063c52",
              "parentUUID": "ddc5b317-5864-408b-87ec-bd17b3d558a8",
              "isHook": false,
              "skipped": false
            },
            {
              "title": "Search transaction by Pocket ID (example #1)",
              "fullTitle": "Primary Pocket Disbursement Transactions Search transaction by Pocket ID (example #1)",
              "timedOut": null,
              "duration": 0,
              "state": "pending",
              "speed": null,
              "pass": false,
              "fail": false,
              "pending": true,
              "context": null,
              "code": "",
              "err": {},
              "uuid": "868d8a5b-a19d-4df6-aa66-f318b10f906c",
              "parentUUID": "ddc5b317-5864-408b-87ec-bd17b3d558a8",
              "isHook": false,
              "skipped": false
            },
            {
              "title": "Search transaction by Pocket ID (example #2)",
              "fullTitle": "Primary Pocket Disbursement Transactions Search transaction by Pocket ID (example #2)",
              "timedOut": null,
              "duration": 0,
              "state": "pending",
              "speed": null,
              "pass": false,
              "fail": false,
              "pending": true,
              "context": null,
              "code": "",
              "err": {},
              "uuid": "acca8186-4095-4e62-a84d-c043ec2c7003",
              "parentUUID": "ddc5b317-5864-408b-87ec-bd17b3d558a8",
              "isHook": false,
              "skipped": false
            },
            {
              "title": "Search transaction by Pocket ID (example #3)",
              "fullTitle": "Primary Pocket Disbursement Transactions Search transaction by Pocket ID (example #3)",
              "timedOut": null,
              "duration": 0,
              "state": "pending",
              "speed": null,
              "pass": false,
              "fail": false,
              "pending": true,
              "context": null,
              "code": "",
              "err": {},
              "uuid": "6a119a70-f4a5-4f9c-b6d6-9707e6646128",
              "parentUUID": "ddc5b317-5864-408b-87ec-bd17b3d558a8",
              "isHook": false,
              "skipped": false
            },
            {
              "title": "Search transaction by Pocket ID (example #4)",
              "fullTitle": "Primary Pocket Disbursement Transactions Search transaction by Pocket ID (example #4)",
              "timedOut": null,
              "duration": 0,
              "state": "pending",
              "speed": null,
              "pass": false,
              "fail": false,
              "pending": true,
              "context": null,
              "code": "",
              "err": {},
              "uuid": "902982e9-9558-4060-8c66-c686321f5a07",
              "parentUUID": "ddc5b317-5864-408b-87ec-bd17b3d558a8",
              "isHook": false,
              "skipped": false
            },
            {
              "title": "Search disbursement by payment reference (example #1)",
              "fullTitle": "Primary Pocket Disbursement Transactions Search disbursement by payment reference (example #1)",
              "timedOut": null,
              "duration": 0,
              "state": "pending",
              "speed": null,
              "pass": false,
              "fail": false,
              "pending": true,
              "context": null,
              "code": "",
              "err": {},
              "uuid": "d42b0428-7615-4bab-99d4-b613b69e01d2",
              "parentUUID": "ddc5b317-5864-408b-87ec-bd17b3d558a8",
              "isHook": false,
              "skipped": false
            },
            {
              "title": "Search disbursement by payment reference (example #2)",
              "fullTitle": "Primary Pocket Disbursement Transactions Search disbursement by payment reference (example #2)",
              "timedOut": null,
              "duration": 0,
              "state": "pending",
              "speed": null,
              "pass": false,
              "fail": false,
              "pending": true,
              "context": null,
              "code": "",
              "err": {},
              "uuid": "6038d552-c27f-4daf-91f7-8f15ddec1320",
              "parentUUID": "ddc5b317-5864-408b-87ec-bd17b3d558a8",
              "isHook": false,
              "skipped": false
            },
            {
              "title": "Search disbursement by payment reference (example #3)",
              "fullTitle": "Primary Pocket Disbursement Transactions Search disbursement by payment reference (example #3)",
              "timedOut": null,
              "duration": 0,
              "state": "pending",
              "speed": null,
              "pass": false,
              "fail": false,
              "pending": true,
              "context": null,
              "code": "",
              "err": {},
              "uuid": "c7aabfee-6b90-4f6c-8e2e-eeafed553b2c",
              "parentUUID": "ddc5b317-5864-408b-87ec-bd17b3d558a8",
              "isHook": false,
              "skipped": false
            },
            {
              "title": "Search disbursement by payment reference (example #4)",
              "fullTitle": "Primary Pocket Disbursement Transactions Search disbursement by payment reference (example #4)",
              "timedOut": null,
              "duration": 0,
              "state": "pending",
              "speed": null,
              "pass": false,
              "fail": false,
              "pending": true,
              "context": null,
              "code": "",
              "err": {},
              "uuid": "09a8cb35-286b-496e-98b6-5cf03eaccb53",
              "parentUUID": "ddc5b317-5864-408b-87ec-bd17b3d558a8",
              "isHook": false,
              "skipped": false
            },
            {
              "title": "Filter transactions by Payment Reference",
              "fullTitle": "Primary Pocket Disbursement Transactions Filter transactions by Payment Reference",
              "timedOut": null,
              "duration": 0,
              "state": "pending",
              "speed": null,
              "pass": false,
              "fail": false,
              "pending": true,
              "context": null,
              "code": "",
              "err": {},
              "uuid": "01717ae5-be55-4764-a1f9-a312d24ea7e4",
              "parentUUID": "ddc5b317-5864-408b-87ec-bd17b3d558a8",
              "isHook": false,
              "skipped": false
            },
            {
              "title": "Filter transactions by Date Range (example #1)",
              "fullTitle": "Primary Pocket Disbursement Transactions Filter transactions by Date Range (example #1)",
              "timedOut": null,
              "duration": 0,
              "state": "pending",
              "speed": null,
              "pass": false,
              "fail": false,
              "pending": true,
              "context": null,
              "code": "",
              "err": {},
              "uuid": "5bf5e512-1a27-43fe-86c3-9fe653cdcebd",
              "parentUUID": "ddc5b317-5864-408b-87ec-bd17b3d558a8",
              "isHook": false,
              "skipped": false
            },
            {
              "title": "Filter transactions by Date Range (example #2)",
              "fullTitle": "Primary Pocket Disbursement Transactions Filter transactions by Date Range (example #2)",
              "timedOut": null,
              "duration": 0,
              "state": "pending",
              "speed": null,
              "pass": false,
              "fail": false,
              "pending": true,
              "context": null,
              "code": "",
              "err": {},
              "uuid": "98645217-48fa-4ec5-9c3b-6fd2c2168540",
              "parentUUID": "ddc5b317-5864-408b-87ec-bd17b3d558a8",
              "isHook": false,
              "skipped": false
            },
            {
              "title": "Filter transactions by Date Range (example #3)",
              "fullTitle": "Primary Pocket Disbursement Transactions Filter transactions by Date Range (example #3)",
              "timedOut": null,
              "duration": 0,
              "state": "pending",
              "speed": null,
              "pass": false,
              "fail": false,
              "pending": true,
              "context": null,
              "code": "",
              "err": {},
              "uuid": "c7a2c0da-e9bd-4c79-8a10-d991c089c363",
              "parentUUID": "ddc5b317-5864-408b-87ec-bd17b3d558a8",
              "isHook": false,
              "skipped": false
            },
            {
              "title": "Filter transactions by Date Range (example #4)",
              "fullTitle": "Primary Pocket Disbursement Transactions Filter transactions by Date Range (example #4)",
              "timedOut": null,
              "duration": 0,
              "state": "pending",
              "speed": null,
              "pass": false,
              "fail": false,
              "pending": true,
              "context": null,
              "code": "",
              "err": {},
              "uuid": "5c4aa23f-808f-47c2-8d6a-8fc3576b12f1",
              "parentUUID": "ddc5b317-5864-408b-87ec-bd17b3d558a8",
              "isHook": false,
              "skipped": false
            },
            {
              "title": "Filter transactions by Date Range (example #5)",
              "fullTitle": "Primary Pocket Disbursement Transactions Filter transactions by Date Range (example #5)",
              "timedOut": null,
              "duration": 0,
              "state": "pending",
              "speed": null,
              "pass": false,
              "fail": false,
              "pending": true,
              "context": null,
              "code": "",
              "err": {},
              "uuid": "6d67a526-167d-413e-bee1-fb84e54ee737",
              "parentUUID": "ddc5b317-5864-408b-87ec-bd17b3d558a8",
              "isHook": false,
              "skipped": false
            },
            {
              "title": "Validate payment reference copy",
              "fullTitle": "Primary Pocket Disbursement Transactions Validate payment reference copy",
              "timedOut": null,
              "duration": 0,
              "state": "pending",
              "speed": null,
              "pass": false,
              "fail": false,
              "pending": true,
              "context": null,
              "code": "",
              "err": {},
              "uuid": "5076dd7a-e98a-44b0-943b-e38962c9b6e5",
              "parentUUID": "ddc5b317-5864-408b-87ec-bd17b3d558a8",
              "isHook": false,
              "skipped": false
            },
            {
              "title": "Export disbursement Transactions",
              "fullTitle": "Primary Pocket Disbursement Transactions Export disbursement Transactions",
              "timedOut": null,
              "duration": 7303,
              "state": "failed",
              "speed": null,
              "pass": false,
              "fail": true,
              "pending": false,
              "context": null,
              "code": "var _a2, _b2, _c2, _d, _e;\n(0, assertions_1.assert)(context.includedPickles[0].id === pickle.id, \"Included pickle stack is unsynchronized\");\nif (this.test._currentRetry > 0) {\n  internalProperties.testCaseStartedId = context.newId();\n}\nconst { remainingSteps, testCaseStartedId } = retrieveInternalSpecProperties();\ntaskTestCaseStarted(context, {\n  id: testCaseStartedId,\n  testCaseId,\n  attempt: this.test._currentRetry,\n  timestamp: (0, messages_1.createTimestamp)()\n});\nwindow.testState = {\n  gherkinDocument,\n  pickles,\n  pickle\n};\nconst onAfterStep = (options) => {\n  var _a3, _b3, _c3;\n  const { testStepId, testStepResult } = options;\n  const end = (0, messages_1.createTimestamp)();\n  if (testStepResult.status === messages.TestStepResultStatus.PENDING || testStepResult.status === messages.TestStepResultStatus.SKIPPED) {\n    taskTestStepFinished(context, {\n      testStepId,\n      testCaseStartedId,\n      testStepResult,\n      timestamp: end\n    });\n    remainingSteps.shift();\n    for (const skippedStep of remainingSteps) {\n      const hookIdOrPickleStepId = (0, assertions_1.ensure)((_b3 = (_a3 = skippedStep.hook) === null || _a3 === void 0 ? void 0 : _a3.id) !== null && _b3 !== void 0 ? _b3 : (_c3 = skippedStep.pickleStep) === null || _c3 === void 0 ? void 0 : _c3.id, \"Expected a step to either be a hook or a pickleStep\");\n      const testStepId2 = getTestStepId({\n        context,\n        pickleId: pickle.id,\n        hookIdOrPickleStepId\n      });\n      taskTestStepStarted(context, {\n        testStepId: testStepId2,\n        testCaseStartedId,\n        timestamp: (0, messages_1.createTimestamp)()\n      });\n      taskTestStepFinished(context, {\n        testStepId: testStepId2,\n        testCaseStartedId,\n        testStepResult: {\n          status: messages.TestStepResultStatus.SKIPPED,\n          duration: {\n            seconds: 0,\n            nanos: 0\n          }\n        },\n        timestamp: (0, messages_1.createTimestamp)()\n      });\n    }\n    for (let i = 0, count = remainingSteps.length; i < count; i++) {\n      remainingSteps.pop();\n    }\n    cy.then(() => this.skip());\n  } else {\n    taskTestStepFinished(context, {\n      testStepId,\n      testCaseStartedId,\n      testStepResult,\n      timestamp: (0, messages_1.createTimestamp)()\n    });\n    remainingSteps.shift();\n  }\n};\nfor (const step of steps) {\n  if (step.hook) {\n    const hook = step.hook;\n    const testStepId = getTestStepId({\n      context,\n      pickleId: pickle.id,\n      hookIdOrPickleStepId: hook.id\n    });\n    cy.then(() => {\n      delete window.testState.pickleStep;\n      const start = (0, messages_1.createTimestamp)();\n      internalProperties.currentStepStartedAt = start;\n      taskTestStepStarted(context, {\n        testStepId,\n        testCaseStartedId,\n        timestamp: start\n      });\n      return cy.wrap(start, { log: false });\n    }).then((start) => {\n      const options = {\n        pickle,\n        gherkinDocument,\n        testCaseStartedId\n      };\n      return (0, cypress_1.runStepWithLogGroup)({\n        fn: dryRun ? noopFn : () => registry2.runCaseHook(this, hook, options),\n        keyword: hook.keyword,\n        text: createStepDescription(hook)\n      }).then(convertReturnValueToTestStepResultStatus).then((status) => {\n        return { start, status };\n      });\n    }).then(({ start, status }) => onAfterStep({\n      testStepResult: {\n        status,\n        duration: (0, messages_1.duration)(start, (0, messages_1.createTimestamp)())\n      },\n      testStepId\n    }));\n  } else if (step.pickleStep) {\n    const pickleStep = step.pickleStep;\n    const testStepId = getTestStepId({\n      context,\n      pickleId: pickle.id,\n      hookIdOrPickleStepId: pickleStep.id\n    });\n    const text = (0, assertions_1.ensure)(pickleStep.text, \"Expected pickle step to have a text\");\n    const scenarioStep = (0, assertions_1.ensure)(context.astIdsMap.get((0, assertions_1.ensure)((_a2 = pickleStep.astNodeIds) === null || _a2 === void 0 ? void 0 : _a2[0], \"Expected to find at least one astNodeId\")), `Expected to find scenario step associated with id = ${(_b2 = pickleStep.astNodeIds) === null || _b2 === void 0 ? void 0 : _b2[0]}`);\n    const argument = ((_c2 = pickleStep.argument) === null || _c2 === void 0 ? void 0 : _c2.dataTable) ? new data_table_1.default(pickleStep.argument.dataTable) : ((_e = (_d = pickleStep.argument) === null || _d === void 0 ? void 0 : _d.docString) === null || _e === void 0 ? void 0 : _e.content) ? pickleStep.argument.docString.content : void 0;\n    cy.then(() => {\n      window.testState.pickleStep = step.pickleStep;\n      const start = (0, messages_1.createTimestamp)();\n      internalProperties.currentStep = { pickleStep };\n      internalProperties.currentStepStartedAt = start;\n      taskTestStepStarted(context, {\n        testStepId,\n        testCaseStartedId,\n        timestamp: start\n      });\n      return cy.wrap(start, { log: false });\n    }).then((start) => {\n      const beforeStepHooks = registry2.resolveBeforeStepHooks(tags);\n      const afterStepHooks = registry2.resolveAfterStepHooks(tags);\n      const options = {\n        pickle,\n        pickleStep,\n        gherkinDocument,\n        testCaseStartedId,\n        testStepId\n      };\n      const beforeHooksChain = () => beforeStepHooks.reduce((chain, beforeStepHook) => {\n        return chain.then((results) => {\n          const start2 = (0, messages_1.createTimestamp)();\n          return (0, cypress_1.runStepWithLogGroup)({\n            keyword: \"BeforeStep\",\n            text: createStepDescription(beforeStepHook),\n            fn: dryRun ? noopFn : () => registry2.runStepHook(this, beforeStepHook, options)\n          }).then(convertReturnValueToTestStepResultStatus).then((status) => results.concat({\n            status,\n            duration: (0, messages_1.duration)(start2, (0, messages_1.createTimestamp)())\n          }));\n        });\n      }, cy.wrap([], { log: false }));\n      const afterStepHooksChain = () => afterStepHooks.reduce((chain, afterStepHook) => {\n        return chain.then((results) => {\n          const start2 = (0, messages_1.createTimestamp)();\n          return (0, cypress_1.runStepWithLogGroup)({\n            keyword: \"AfterStep\",\n            text: createStepDescription(afterStepHook),\n            fn: dryRun ? noopFn : () => registry2.runStepHook(this, afterStepHook, options)\n          }).then(convertReturnValueToTestStepResultStatus).then((status) => results.concat({\n            status,\n            duration: (0, messages_1.duration)(start2, (0, messages_1.createTimestamp)())\n          }));\n        });\n      }, cy.wrap([], {\n        log: false\n      }));\n      return beforeHooksChain().then((beforeStepHookResults) => {\n        return (0, cypress_1.runStepWithLogGroup)({\n          keyword: (0, assertions_1.ensure)(\"keyword\" in scenarioStep && scenarioStep.keyword, \"Expected to find a keyword in the scenario step\"),\n          argument,\n          text,\n          fn: () => {\n            var _a3, _b3;\n            try {\n              return registry2.runStepDefinition(this, text, dryRun, argument);\n            } catch (e) {\n              if (e instanceof registry_1.MissingDefinitionError || e instanceof registry_1.MultipleDefinitionsError) {\n                this.test._retries = this.test._currentRetry;\n              }\n              if (e instanceof registry_1.MissingDefinitionError) {\n                let parameterType = null;\n                if ((_a3 = pickleStep.argument) === null || _a3 === void 0 ? void 0 : _a3.dataTable) {\n                  parameterType = \"dataTable\";\n                } else if ((_b3 = pickleStep.argument) === null || _b3 === void 0 ? void 0 : _b3.docString) {\n                  parameterType = \"docString\";\n                }\n                const snippets = new cucumber_expressions_1.CucumberExpressionGenerator(() => context.registry.parameterTypeRegistry.parameterTypes).generateExpressions(pickleStep.text).map((expression) => (0, snippets_1.generateSnippet)(expression, (0, assertions_1.ensure)(pickleStep.type, \"Expected pickleStep to have a type\"), parameterType));\n                return taskSuggestion(context, {\n                  id: context.newId(),\n                  pickleStepId: pickleStep.id,\n                  snippets: snippets.map((code) => {\n                    return {\n                      language: \"javascript\",\n                      code\n                    };\n                  })\n                }).then(() => {\n                  throw new Error(createMissingStepDefinitionMessage(context, pickleStep, snippets));\n                });\n              } else {\n                throw e;\n              }\n            }\n          }\n        }).then(convertReturnValueToTestStepResultStatus).then((status) => {\n          const testStepResult = {\n            status,\n            duration: (0, messages_1.duration)(start, (0, messages_1.createTimestamp)())\n          };\n          return {\n            beforeStepHookResults,\n            testStepResult\n          };\n        });\n      }).then(({ beforeStepHookResults, testStepResult }) => {\n        return afterStepHooksChain().then((afterStepHookResults) => {\n          return messages.getWorstTestStepResult([\n            ...beforeStepHookResults,\n            testStepResult,\n            ...afterStepHookResults\n          ]);\n        });\n      });\n    }).then((testStepResult) => onAfterStep({ testStepResult, testStepId }));\n  }\n}",
              "err": {
                "message": "AssertionError: export header row: expected [ Array(8) ] to deeply equal [ Array(8) ]",
                "estack": "AssertionError: export header row: expected [ Array(8) ] to deeply equal [ Array(8) ]\n    at Context.eval (https://develop.d1vg8wvg97d1gx.amplifyapp.com/__cypress/tests?p=cypress/e2e/transactions-disbursement-primary/transactions-disbursement-primary.feature:13454:59)\n    at getRet (https://develop.d1vg8wvg97d1gx.amplifyapp.com/__cypress/runner/cypress_runner.js:121394:20)\n    at tryCatcher (https://develop.d1vg8wvg97d1gx.amplifyapp.com/__cypress/runner/cypress_runner.js:1780:23)\n    at Promise.attempt.Promise.try (https://develop.d1vg8wvg97d1gx.amplifyapp.com/__cypress/runner/cypress_runner.js:4288:29)",
                "diff": " [ 'DATE',\n-   'CREDITS',\n-   'DEBITS',\n-   'AVAILABLE BALANCE',\n+   'SENDER',\n   'POCKET ID',\n-   'SOURCE NAME',\n+   'BENEFICIARY',\n+   'AMOUNT',\n   'PAYMENT REFERENCE',\n-   'STATUS' ]\n+   'STATUS',\n+   'BALANCE' ]\n"
              },
              "uuid": "7a892d4a-9af3-4b22-8975-484e6cc80752",
              "parentUUID": "ddc5b317-5864-408b-87ec-bd17b3d558a8",
              "isHook": false,
              "skipped": false
            }
          ],
          "suites": [],
          "passes": [],
          "failures": [
            "7a892d4a-9af3-4b22-8975-484e6cc80752"
          ],
          "pending": [
            "415a7ddd-6113-4155-ade5-11f7c3063c52",
            "868d8a5b-a19d-4df6-aa66-f318b10f906c",
            "acca8186-4095-4e62-a84d-c043ec2c7003",
            "6a119a70-f4a5-4f9c-b6d6-9707e6646128",
            "902982e9-9558-4060-8c66-c686321f5a07",
            "d42b0428-7615-4bab-99d4-b613b69e01d2",
            "6038d552-c27f-4daf-91f7-8f15ddec1320",
            "c7aabfee-6b90-4f6c-8e2e-eeafed553b2c",
            "09a8cb35-286b-496e-98b6-5cf03eaccb53",
            "01717ae5-be55-4764-a1f9-a312d24ea7e4",
            "5bf5e512-1a27-43fe-86c3-9fe653cdcebd",
            "98645217-48fa-4ec5-9c3b-6fd2c2168540",
            "c7a2c0da-e9bd-4c79-8a10-d991c089c363",
            "5c4aa23f-808f-47c2-8d6a-8fc3576b12f1",
            "6d67a526-167d-413e-bee1-fb84e54ee737",
            "5076dd7a-e98a-44b0-943b-e38962c9b6e5"
          ],
          "skipped": [],
          "duration": 7303,
          "root": false,
          "rootEmpty": false,
          "_timeout": 2000
        }
      ],
      "passes": [],
      "failures": [],
      "pending": [],
      "skipped": [],
      "duration": 0,
      "root": true,
      "rootEmpty": true,
      "_timeout": 2000
    }
  ],
  "meta": {
    "mocha": {
      "version": "7.2.0"
    },
    "mochawesome": {
      "options": {
        "quiet": false,
        "reportFilename": "mochawesome",
        "saveHtml": false,
        "saveJson": true,
        "consoleReporter": "spec",
        "useInlineDiffs": false,
        "code": true
      },
      "version": "8.0.1"
    },
    "marge": {
      "options": {
        "reportDir": "cypress/reports",
        "overwrite": false,
        "html": false,
        "json": true,
        "embeddedScreenshots": true
      },
      "version": "6.3.2"
    }
  }
}